2025-10-11 18:03:40,032 [INFO] Activator:176 - 


2025-10-11 18:03:40,035 [INFO] Activator:177 - !SESSION log4j initialized
2025-10-11 18:03:43,803 [INFO] LogOutputStream:77 - [STDOUT_REDIRECT] 
2025-10-11 18:03:47,535 [INFO] ApplicationProperties:184 - Using Application install path: C:\ST\STM32CubeIDE_1.19.0\STM32CubeIDE\plugins\com.st.stm32cube.common.mx_6.15.0.202507011659
2025-10-11 18:03:47,563 [INFO] DbMcusXml:78 - Set database path to: C:\ST\STM32CubeIDE_1.19.0\STM32CubeIDE\plugins\com.st.stm32cube.common.mx_6.15.0.202507011659\\db\/mcu/
2025-10-11 18:03:47,564 [INFO] ApiDb:274 - Set plugin database path to: C:\ST\STM32CubeIDE_1.19.0\STM32CubeIDE\plugins\com.st.stm32cube.common.mx_6.15.0.202507011659\\db\/plugins/boardmanager/
2025-10-11 18:03:47,565 [WARN] ApiDb:259 - Overriding images path with different value:  => C:\ST\STM32CubeIDE_1.19.0\STM32CubeIDE\plugins\com.st.stm32cube.common.mx_6.15.0.202507011659\\db\/plugins/mcufinder/images/
2025-10-11 18:03:47,577 [INFO] ApiDb:250 - Set database path to: C:\Users\nazar\.stmcufinder\plugins\mcufinder//mcu/
2025-10-11 18:03:47,580 [INFO] DbMcusAds:125 - Set database path to: C:\Users\nazar\.stmcufinder\plugins\mcufinder//mcu/
2025-10-11 18:03:47,584 [INFO] CrossReferenceDbSqlite:203 - Set database path to: C:\Users\nazar\.stmcufinder\plugins\mcufinder//mcu/cs/
2025-10-11 18:03:47,775 [INFO] RulesReader:64 - Compatibility file has been processed (317 Rules)
2025-10-11 18:03:47,966 [INFO] DbMcusXml:78 - Set database path to: C:\ST\STM32CubeIDE_1.19.0\STM32CubeIDE\plugins\com.st.stm32cube.common.mx_6.15.0.202507011659\\db\/mcu/
2025-10-11 18:03:47,966 [INFO] ApiDb:274 - Set plugin database path to: C:\ST\STM32CubeIDE_1.19.0\STM32CubeIDE\plugins\com.st.stm32cube.common.mx_6.15.0.202507011659\\db\/plugins/boardmanager/
2025-10-11 18:03:47,966 [INFO] ApiDb:261 - Set plugin images path to: C:\ST\STM32CubeIDE_1.19.0\STM32CubeIDE\plugins\com.st.stm32cube.common.mx_6.15.0.202507011659\\db\/plugins/mcufinder/images/
2025-10-11 18:03:47,966 [WARN] DbFile:41 - Overriding database path with different value: C:\Users\nazar\.stmcufinder\plugins\mcufinder/ => C:\Users\nazar\.stmcufinder\plugins\mcufinder
2025-10-11 18:03:47,967 [INFO] ApiDb:250 - Set database path to: C:\Users\nazar\.stmcufinder\plugins\mcufinder//mcu/
2025-10-11 18:03:47,967 [WARN] DbFile:41 - Overriding database path with different value: C:\Users\nazar\.stmcufinder\plugins\mcufinder/ => C:\Users\nazar\.stmcufinder\plugins\mcufinder
2025-10-11 18:03:47,967 [INFO] DbMcusAds:125 - Set database path to: C:\Users\nazar\.stmcufinder\plugins\mcufinder//mcu/
2025-10-11 18:03:47,967 [WARN] DbFile:41 - Overriding database path with different value: C:\Users\nazar\.stmcufinder\plugins\mcufinder/ => C:\Users\nazar\.stmcufinder\plugins\mcufinder
2025-10-11 18:03:47,967 [WARN] DbFile:41 - Overriding database path with different value: C:\Users\nazar\.stmcufinder\plugins\mcufinder/ => C:\Users\nazar\.stmcufinder\plugins\mcufinder
2025-10-11 18:03:47,968 [INFO] CrossReferenceDbSqlite:203 - Set database path to: C:\Users\nazar\.stmcufinder\plugins\mcufinder//mcu/cs/
2025-10-11 18:03:48,092 [INFO] MainPanel:274 - HeapMemory: 268435456
2025-10-11 18:03:48,270 [INFO] DbMcusXml:78 - Set database path to: C:\ST\STM32CubeIDE_1.19.0\STM32CubeIDE\plugins\com.st.stm32cube.common.mx_6.15.0.202507011659\\db\/mcu/
2025-10-11 18:03:48,270 [INFO] ApiDb:274 - Set plugin database path to: C:\ST\STM32CubeIDE_1.19.0\STM32CubeIDE\plugins\com.st.stm32cube.common.mx_6.15.0.202507011659\\db\/plugins/boardmanager/
2025-10-11 18:03:48,270 [INFO] ApiDb:261 - Set plugin images path to: C:\ST\STM32CubeIDE_1.19.0\STM32CubeIDE\plugins\com.st.stm32cube.common.mx_6.15.0.202507011659\\db\/plugins/mcufinder/images/
2025-10-11 18:03:48,271 [WARN] DbFile:41 - Overriding database path with different value: C:\Users\nazar\.stmcufinder\plugins\mcufinder/ => C:\Users\nazar\.stmcufinder\plugins\mcufinder
2025-10-11 18:03:48,271 [INFO] ApiDb:250 - Set database path to: C:\Users\nazar\.stmcufinder\plugins\mcufinder//mcu/
2025-10-11 18:03:48,271 [WARN] DbFile:41 - Overriding database path with different value: C:\Users\nazar\.stmcufinder\plugins\mcufinder/ => C:\Users\nazar\.stmcufinder\plugins\mcufinder
2025-10-11 18:03:48,271 [INFO] DbMcusAds:125 - Set database path to: C:\Users\nazar\.stmcufinder\plugins\mcufinder//mcu/
2025-10-11 18:03:48,271 [WARN] DbFile:41 - Overriding database path with different value: C:\Users\nazar\.stmcufinder\plugins\mcufinder/ => C:\Users\nazar\.stmcufinder\plugins\mcufinder
2025-10-11 18:03:48,272 [WARN] DbFile:41 - Overriding database path with different value: C:\Users\nazar\.stmcufinder\plugins\mcufinder/ => C:\Users\nazar\.stmcufinder\plugins\mcufinder
2025-10-11 18:03:48,272 [INFO] CrossReferenceDbSqlite:203 - Set database path to: C:\Users\nazar\.stmcufinder\plugins\mcufinder//mcu/cs/
2025-10-11 18:03:48,303 [INFO] ApplicationProperties:184 - Using Application install path: C:\ST\STM32CubeIDE_1.19.0\STM32CubeIDE\plugins\com.st.stm32cube.common.mx_6.15.0.202507011659
2025-10-11 18:03:48,305 [INFO] PluginManage:196 - Search for loadable plugins [exclusion list=, ]
2025-10-11 18:03:48,307 [INFO] PluginManage:310 - Check plugin analytics
2025-10-11 18:03:48,690 [INFO] AnalyticsPlugin:253 - Accepted Software Licenses: 
2025-10-11 18:03:48,690 [INFO] AnalyticsPlugin:255 - Accepted CMSIS Pack Licenses: 
2025-10-11 18:03:48,690 [INFO] AnalyticsPlugin:257 - Accepted Firmware Licenses: FW.F4.1.28.0
2025-10-11 18:03:48,701 [INFO] PluginManage:359 - Loaded plugin analytics (category:tool,tabindex:-1)
2025-10-11 18:03:48,702 [INFO] PluginManage:310 - Check plugin cadmodel
2025-10-11 18:03:48,717 [INFO] CADModel:105 - Init CAD model plugin
2025-10-11 18:03:48,718 [INFO] PluginManage:359 - Loaded plugin cadmodel (category:power,tabindex:5)
2025-10-11 18:03:48,718 [INFO] PluginManage:310 - Check plugin clock
2025-10-11 18:03:48,742 [INFO] PluginManage:359 - Loaded plugin clock (category:base,tabindex:2)
2025-10-11 18:03:48,742 [INFO] PluginManage:310 - Check plugin ddr
2025-10-11 18:03:48,748 [INFO] PluginManage:359 - Loaded plugin ddr (category:tool,tabindex:6)
2025-10-11 18:03:48,749 [INFO] PluginManage:310 - Check plugin filemanager
2025-10-11 18:03:49,090 [INFO] PluginManage:359 - Loaded plugin filemanager (category:base,tabindex:10)
2025-10-11 18:03:49,091 [INFO] PluginManage:310 - Check plugin ipmanager
2025-10-11 18:03:49,104 [INFO] PluginManage:359 - Loaded plugin ipmanager (category:base,tabindex:5)
2025-10-11 18:03:49,104 [INFO] PluginManage:310 - Check plugin lpbam
2025-10-11 18:03:49,116 [INFO] PluginManage:359 - Loaded plugin lpbam (category:base,tabindex:0)
2025-10-11 18:03:49,117 [INFO] PluginManage:310 - Check plugin memorymap
2025-10-11 18:03:49,139 [INFO] PluginManage:359 - Loaded plugin memorymap (category:base,tabindex:4)
2025-10-11 18:03:49,140 [INFO] PluginManage:310 - Check plugin pinoutandconfiguration
2025-10-11 18:03:49,154 [INFO] PluginManage:359 - Loaded plugin pinoutandconfiguration (category:base,tabindex:1)
2025-10-11 18:03:49,154 [INFO] PluginManage:310 - Check plugin pinoutconfig
2025-10-11 18:03:49,284 [WARN] SupportedApi:132 - Cannot load RTOS API schema: s4s-elt-must-match.1: The content of 'definitions' must match (annotation?, (simpleType | complexType)?, (unique | key | keyref)*)). A problem was found starting at: attribute.
2025-10-11 18:03:49,534 [INFO] PluginManage:359 - Loaded plugin pinoutconfig (category:base,tabindex:0)
2025-10-11 18:03:49,535 [INFO] PluginManage:310 - Check plugin power
2025-10-11 18:03:49,555 [INFO] PluginManage:359 - Loaded plugin power (category:power,tabindex:4)
2025-10-11 18:03:49,556 [INFO] PluginManage:310 - Check plugin projectmanager
2025-10-11 18:03:49,588 [INFO] PluginManage:359 - Loaded plugin projectmanager (category:projectmanager,tabindex:4)
2025-10-11 18:03:49,589 [INFO] PluginManage:310 - Check plugin rif
2025-10-11 18:03:49,606 [INFO] PluginManage:359 - Loaded plugin rif (category:base,tabindex:3)
2025-10-11 18:03:49,606 [INFO] PluginManage:310 - Check plugin thirdparty
2025-10-11 18:03:49,893 [INFO] PluginManage:359 - Loaded plugin thirdparty (category:base,tabindex:-1)
2025-10-11 18:03:49,893 [INFO] PluginManage:310 - Check plugin tools
2025-10-11 18:03:49,893 [WARN] IntegrityCheckThread:84 - waiting for thirdparty lock release [integrity check]
2025-10-11 18:03:49,894 [INFO] IntegrityCheckThread:86 - entering critical section [integrity check]
2025-10-11 18:03:49,895 [INFO] ThirdPartyUpdaterWithRetryManager:70 - Updater plugin not ready yet. [1/15]
2025-10-11 18:03:49,903 [INFO] PluginManage:359 - Loaded plugin tools (category:base,tabindex:7)
2025-10-11 18:03:49,904 [INFO] PluginManage:310 - Check plugin tutovideos
2025-10-11 18:03:50,351 [INFO] PluginManage:359 - Loaded plugin tutovideos (category:base,tabindex:-1)
2025-10-11 18:03:50,351 [INFO] PluginManage:310 - Check plugin updater
2025-10-11 18:03:50,392 [INFO] PluginManage:359 - Loaded plugin updater (category:base,tabindex:12)
2025-10-11 18:03:50,392 [INFO] PluginManage:310 - Check plugin userauth
2025-10-11 18:03:50,400 [INFO] UserAuth:118 - Init User Auth plugin
2025-10-11 18:03:50,401 [INFO] PluginManage:359 - Loaded plugin userauth (category:base,tabindex:14)
2025-10-11 18:03:50,402 [INFO] PluginManage:283 - PluginManage : Loaded plugins [18]
2025-10-11 18:03:50,724 [INFO] PinOutPanel:1589 - setPackage(No Configuration,No Configuration)
2025-10-11 18:03:50,865 [INFO] CADModel:165 - CPN selected for project level
2025-10-11 18:03:50,865 [INFO] CADModel:114 - Register for checkConnection events
2025-10-11 18:03:50,892 [INFO] IPUIPlugin:80 - create IPUIPlugin
2025-10-11 18:03:50,892 [INFO] PluginManager:220 - loadIPPluginJar : add adc
2025-10-11 18:03:50,897 [INFO] IPUIPlugin:80 - create IPUIPlugin
2025-10-11 18:03:50,897 [INFO] PluginManager:220 - loadIPPluginJar : add aes
2025-10-11 18:03:50,902 [INFO] IPUIPlugin:80 - create IPUIPlugin
2025-10-11 18:03:50,903 [INFO] PluginManager:220 - loadIPPluginJar : add can
2025-10-11 18:03:50,905 [INFO] IPUIPlugin:80 - create IPUIPlugin
2025-10-11 18:03:50,906 [INFO] PluginManager:220 - loadIPPluginJar : add comp
2025-10-11 18:03:50,910 [INFO] IPUIPlugin:80 - create IPUIPlugin
2025-10-11 18:03:50,910 [INFO] PluginManager:220 - loadIPPluginJar : add cryp
2025-10-11 18:03:50,915 [INFO] IPUIPlugin:80 - create IPUIPlugin
2025-10-11 18:03:50,915 [INFO] PluginManager:220 - loadIPPluginJar : add ddr_ctrl_phy
2025-10-11 18:03:50,919 [INFO] IPUIPlugin:80 - create IPUIPlugin
2025-10-11 18:03:50,920 [INFO] PluginManager:220 - loadIPPluginJar : add dfsdm
2025-10-11 18:03:50,927 [INFO] IPUIPlugin:80 - create IPUIPlugin
2025-10-11 18:03:50,928 [INFO] PluginManager:220 - loadIPPluginJar : add dma
2025-10-11 18:03:50,933 [INFO] IPUIPlugin:80 - create IPUIPlugin
2025-10-11 18:03:50,933 [INFO] PluginManager:220 - loadIPPluginJar : add dma3
2025-10-11 18:03:50,938 [INFO] IPUIPlugin:80 - create IPUIPlugin
2025-10-11 18:03:50,938 [INFO] PluginManager:220 - loadIPPluginJar : add extmemmanager
2025-10-11 18:03:50,941 [INFO] IPUIPlugin:80 - create IPUIPlugin
2025-10-11 18:03:50,941 [INFO] PluginManager:220 - loadIPPluginJar : add fatfs
2025-10-11 18:03:50,949 [INFO] IPUIPlugin:80 - create IPUIPlugin
2025-10-11 18:03:50,949 [INFO] PluginManager:220 - loadIPPluginJar : add fmc
2025-10-11 18:03:50,959 [INFO] IPUIPlugin:80 - create IPUIPlugin
2025-10-11 18:03:50,959 [INFO] PluginManager:220 - loadIPPluginJar : add freertos
2025-10-11 18:03:50,962 [INFO] IPUIPlugin:80 - create IPUIPlugin
2025-10-11 18:03:50,962 [INFO] PluginManager:220 - loadIPPluginJar : add genericplugin
2025-10-11 18:03:50,966 [INFO] IPUIPlugin:80 - create IPUIPlugin
2025-10-11 18:03:50,966 [INFO] PluginManager:220 - loadIPPluginJar : add gfxmmu
2025-10-11 18:03:50,973 [INFO] IPUIPlugin:80 - create IPUIPlugin
2025-10-11 18:03:50,973 [INFO] PluginManager:220 - loadIPPluginJar : add gic
2025-10-11 18:03:50,979 [INFO] IPUIPlugin:80 - create IPUIPlugin
2025-10-11 18:03:50,980 [INFO] PluginManager:220 - loadIPPluginJar : add gpio
2025-10-11 18:03:50,984 [INFO] IPUIPlugin:80 - create IPUIPlugin
2025-10-11 18:03:50,985 [INFO] PluginManager:220 - loadIPPluginJar : add gtzc
2025-10-11 18:03:50,989 [INFO] IPUIPlugin:80 - create IPUIPlugin
2025-10-11 18:03:50,989 [INFO] PluginManager:220 - loadIPPluginJar : add hash
2025-10-11 18:03:50,993 [INFO] IPUIPlugin:80 - create IPUIPlugin
2025-10-11 18:03:50,994 [INFO] PluginManager:220 - loadIPPluginJar : add i2c
2025-10-11 18:03:50,999 [INFO] IPUIPlugin:80 - create IPUIPlugin
2025-10-11 18:03:50,999 [INFO] PluginManager:220 - loadIPPluginJar : add i2s
2025-10-11 18:03:51,004 [INFO] IPUIPlugin:80 - create IPUIPlugin
2025-10-11 18:03:51,005 [INFO] PluginManager:220 - loadIPPluginJar : add i3c
2025-10-11 18:03:51,009 [INFO] IPUIPlugin:80 - create IPUIPlugin
2025-10-11 18:03:51,010 [INFO] PluginManager:220 - loadIPPluginJar : add ipddr
2025-10-11 18:03:51,019 [INFO] IPUIPlugin:80 - create IPUIPlugin
2025-10-11 18:03:51,020 [INFO] PluginManager:220 - loadIPPluginJar : add linkedlist
2025-10-11 18:03:51,025 [INFO] IPUIPlugin:80 - create IPUIPlugin
2025-10-11 18:03:51,025 [INFO] PluginManager:220 - loadIPPluginJar : add lorawan
2025-10-11 18:03:51,028 [INFO] IPUIPlugin:80 - create IPUIPlugin
2025-10-11 18:03:51,029 [INFO] PluginManager:220 - loadIPPluginJar : add ltdc
2025-10-11 18:03:51,038 [INFO] IPUIPlugin:80 - create IPUIPlugin
2025-10-11 18:03:51,038 [INFO] PluginManager:220 - loadIPPluginJar : add mdma
2025-10-11 18:03:51,044 [INFO] IPUIPlugin:80 - create IPUIPlugin
2025-10-11 18:03:51,045 [INFO] PluginManager:220 - loadIPPluginJar : add nvic
2025-10-11 18:03:51,051 [INFO] IPUIPlugin:80 - create IPUIPlugin
2025-10-11 18:03:51,051 [INFO] PluginManager:220 - loadIPPluginJar : add opamp
2025-10-11 18:03:51,058 [INFO] IPUIPlugin:80 - create IPUIPlugin
2025-10-11 18:03:51,058 [INFO] PluginManager:220 - loadIPPluginJar : add openamp
2025-10-11 18:03:51,066 [INFO] IPUIPlugin:80 - create IPUIPlugin
2025-10-11 18:03:51,067 [INFO] PluginManager:220 - loadIPPluginJar : add pdm2pcm
2025-10-11 18:03:51,079 [INFO] IPUIPlugin:80 - create IPUIPlugin
2025-10-11 18:03:51,084 [INFO] PluginManager:220 - loadIPPluginJar : add plateformsettings
2025-10-11 18:03:51,088 [INFO] IPUIPlugin:80 - create IPUIPlugin
2025-10-11 18:03:51,088 [INFO] PluginManager:220 - loadIPPluginJar : add quadspi
2025-10-11 18:03:51,093 [INFO] IPUIPlugin:80 - create IPUIPlugin
2025-10-11 18:03:51,095 [INFO] PluginManager:220 - loadIPPluginJar : add radio
2025-10-11 18:03:51,103 [INFO] IPUIPlugin:80 - create IPUIPlugin
2025-10-11 18:03:51,103 [INFO] PluginManager:220 - loadIPPluginJar : add resmgrutility
2025-10-11 18:03:51,109 [INFO] IPUIPlugin:80 - create IPUIPlugin
2025-10-11 18:03:51,109 [INFO] PluginManager:220 - loadIPPluginJar : add sai
2025-10-11 18:03:51,115 [INFO] IPUIPlugin:80 - create IPUIPlugin
2025-10-11 18:03:51,115 [INFO] PluginManager:220 - loadIPPluginJar : add spi
2025-10-11 18:03:51,125 [INFO] IPUIPlugin:80 - create IPUIPlugin
2025-10-11 18:03:51,126 [INFO] PluginManager:220 - loadIPPluginJar : add stm32_wpan
2025-10-11 18:03:51,130 [INFO] IPUIPlugin:80 - create IPUIPlugin
2025-10-11 18:03:51,130 [INFO] PluginManager:220 - loadIPPluginJar : add tim
2025-10-11 18:03:51,136 [INFO] IPUIPlugin:80 - create IPUIPlugin
2025-10-11 18:03:51,137 [INFO] PluginManager:220 - loadIPPluginJar : add touchsensing
2025-10-11 18:03:51,142 [INFO] IPUIPlugin:80 - create IPUIPlugin
2025-10-11 18:03:51,142 [INFO] PluginManager:220 - loadIPPluginJar : add tracer_emb
2025-10-11 18:03:51,148 [INFO] IPUIPlugin:80 - create IPUIPlugin
2025-10-11 18:03:51,148 [INFO] PluginManager:220 - loadIPPluginJar : add ts
2025-10-11 18:03:51,151 [INFO] IPUIPlugin:80 - create IPUIPlugin
2025-10-11 18:03:51,152 [INFO] PluginManager:220 - loadIPPluginJar : add tsc
2025-10-11 18:03:51,156 [INFO] IPUIPlugin:80 - create IPUIPlugin
2025-10-11 18:03:51,156 [INFO] PluginManager:220 - loadIPPluginJar : add ucpd
2025-10-11 18:03:51,161 [INFO] IPUIPlugin:80 - create IPUIPlugin
2025-10-11 18:03:51,162 [INFO] PluginManager:220 - loadIPPluginJar : add usart
2025-10-11 18:03:51,167 [INFO] IPUIPlugin:80 - create IPUIPlugin
2025-10-11 18:03:51,167 [INFO] PluginManager:220 - loadIPPluginJar : add usbx
2025-10-11 18:03:51,353 [FATAL] Updater:351 - Updater called before beeing initialized
2025-10-11 18:03:51,398 [INFO] RulesReader:64 - Compatibility file has been processed (317 Rules)
2025-10-11 18:03:51,422 [INFO] RulesReader:64 - Compatibility file has been processed (317 Rules)
2025-10-11 18:03:51,446 [INFO] CADModel:165 - CPN selected for project level
2025-10-11 18:03:51,446 [INFO] CADModel:114 - Register for checkConnection events
2025-10-11 18:03:51,447 [FATAL] Updater:351 - Updater called before beeing initialized
2025-10-11 18:03:51,447 [ERROR] CADModel:125 - Updater not yet initialized, retry later 
2025-10-11 18:03:51,767 [FATAL] Updater:351 - Updater called before beeing initialized
2025-10-11 18:03:51,770 [INFO] CADModel:165 - CPN selected for project level
2025-10-11 18:03:51,770 [INFO] CADModel:114 - Register for checkConnection events
2025-10-11 18:03:51,771 [FATAL] Updater:351 - Updater called before beeing initialized
2025-10-11 18:03:51,771 [ERROR] CADModel:125 - Updater not yet initialized, retry later 
2025-10-11 18:03:51,776 [FATAL] Updater:351 - Updater called before beeing initialized
2025-10-11 18:03:52,007 [FATAL] Updater:351 - Updater called before beeing initialized
2025-10-11 18:03:52,015 [INFO] DbMcusAds:53 - JSON generation date=Thu Oct 02 11:36:05 CEST 2025 (1759397765045)
2025-10-11 18:03:52,015 [FATAL] Updater:351 - Updater called before beeing initialized
2025-10-11 18:03:52,083 [WARN] DetailPanel:346 - Failed to get advertising image, set to default
2025-10-11 18:03:52,228 [FATAL] Updater:351 - Updater called before beeing initialized
2025-10-11 18:03:52,231 [FATAL] Updater:351 - Updater called before beeing initialized
2025-10-11 18:03:52,231 [FATAL] Updater:351 - Updater called before beeing initialized
2025-10-11 18:03:52,231 [WARN] DetailPanel:346 - Failed to get advertising image, set to default
2025-10-11 18:03:52,232 [FATAL] Updater:351 - Updater called before beeing initialized
2025-10-11 18:03:52,321 [ERROR] Updater:1198 - MainUpdater not yet initialized. External WinMGr cannot be set.
2025-10-11 18:03:52,324 [INFO] Updater:1134 - Updater Version found : 6.15.0
2025-10-11 18:03:52,351 [INFO] ApplicationProperties:184 - Using Application install path: C:\ST\STM32CubeIDE_1.19.0\STM32CubeIDE\plugins\com.st.stm32cube.common.mx_6.15.0.202507011659
2025-10-11 18:03:52,896 [INFO] ThirdPartyUpdaterWithRetryManager:70 - Updater plugin not ready yet. [2/15]
2025-10-11 18:03:53,936 [ERROR] LogOutputStream:75 - [STDERR_REDIRECT] Oct 11, 2025 6:03:53 PM java.util.prefs.WindowsPreferences <init>
2025-10-11 18:03:53,938 [ERROR] LogOutputStream:75 - [STDERR_REDIRECT] WARNING: Could not open/create prefs root node Software\JavaSoft\Prefs at root 0xffffffff80000002. Windows RegCreateKeyEx(...) returned error code 5.
2025-10-11 18:03:53,939 [ERROR] LogOutputStream:75 - [STDERR_REDIRECT] 
2025-10-11 18:03:54,564 [INFO] MainUpdater:2872 - connection check result : 10
2025-10-11 18:03:54,565 [INFO] MainUpdater:289 - Updater Check For Update Now.
2025-10-11 18:03:54,565 [INFO] MicroXplorer:498 - Change Database Version : DB.6.0.150
2025-10-11 18:03:54,580 [INFO] McuFinderGlobals:63 - Set McuFinder mode to 2 (CubeIDE integrated)
2025-10-11 18:03:54,580 [INFO] UserAuth:171 - activating auth plugin
2025-10-11 18:03:54,586 [INFO] UserAuth:487 - Internet connection configuration mode: 1
2025-10-11 18:03:54,670 [INFO] JxBrowserEngine:152 - Initiate JxBrowser Engine with user profile folder
2025-10-11 18:03:54,837 [INFO] CheckServerUpdateThread:120 - End of CheckServer Thread
2025-10-11 18:03:56,316 [WARN] PackLoader:240 - Cannot read IP mode file for STMicroelectronics.FP-SNS-MOTENVWB1.1.4.0
2025-10-11 18:03:56,330 [WARN] PackLoader:240 - Cannot read IP mode file for STMicroelectronics.FP-ATR-ASTRA1.2.0.2
2025-10-11 18:03:56,342 [WARN] PackLoader:240 - Cannot read IP mode file for STMicroelectronics.X-CUBE-SMBUS.2.1.0
2025-10-11 18:03:56,351 [WARN] PackLoader:240 - Cannot read IP mode file for STMicroelectronics.X-CUBE-ST60.1.0.0
2025-10-11 18:03:56,422 [WARN] PackLoader:240 - Cannot read IP mode file for STMicroelectronics.X-CUBE-AZRTOS-F7.1.1.0
2025-10-11 18:03:56,452 [WARN] PackLoader:240 - Cannot read IP mode file for Cesanta.I-CUBE-Mongoose.7.19.0
2025-10-11 18:03:56,508 [WARN] PackLoader:240 - Cannot read IP mode file for WES.I-CUBE-Cesium.1.4.0
2025-10-11 18:03:56,565 [WARN] PackLoader:240 - Cannot read IP mode file for Infineon.AIROC-Wi-Fi-Bluetooth-STM32.1.7.1
2025-10-11 18:03:56,625 [WARN] PackLoader:240 - Cannot read IP mode file for STMicroelectronics.X-CUBE-AZRTOS-H7.3.4.0
2025-10-11 18:03:56,651 [WARN] PackLoader:240 - Cannot read IP mode file for STMicroelectronics.X-CUBE-DISPLAY.3.0.0
2025-10-11 18:03:56,683 [WARN] PackLoader:240 - Cannot read IP mode file for STMicroelectronics.X-CUBE-NFC10.1.0.0
2025-10-11 18:03:56,698 [WARN] PackLoader:240 - Cannot read IP mode file for emotas.I-CUBE-CANOPEN.1.3.0
2025-10-11 18:03:56,715 [WARN] PackLoader:240 - Cannot read IP mode file for STMicroelectronics.FP-SNS-STBOX1.2.1.0
2025-10-11 18:03:56,730 [WARN] PackLoader:240 - Cannot read IP mode file for STMicroelectronics.FP-SNS-SMARTAG2.1.2.0
2025-10-11 18:03:56,740 [WARN] PackLoader:240 - Cannot read IP mode file for STMicroelectronics.FP-SNS-FLIGHT1.5.1.0
2025-10-11 18:03:56,763 [INFO] LogOutputStream:77 - [STDOUT_REDIRECT] 1 : Invalid condition id : UX_CORESTACK_Condition cause : null
2025-10-11 18:03:56,766 [INFO] LogOutputStream:77 - [STDOUT_REDIRECT] 1 : Invalid condition id : UX_CORESTACK_Condition cause : null
2025-10-11 18:03:56,770 [INFO] LogOutputStream:77 - [STDOUT_REDIRECT] 1 : Invalid condition id : UX_CORESTACK_Condition cause : null
2025-10-11 18:03:56,773 [INFO] LogOutputStream:77 - [STDOUT_REDIRECT] 1 : Invalid condition id : UX_CORESTACK_Condition cause : null
2025-10-11 18:03:56,777 [INFO] LogOutputStream:77 - [STDOUT_REDIRECT] 1 : Invalid condition id : UX_CORESTACK_Condition cause : null
2025-10-11 18:03:56,782 [WARN] PackLoader:240 - Cannot read IP mode file for STMicroelectronics.X-CUBE-AZRTOS-WL.2.0.0
2025-10-11 18:03:56,794 [WARN] PackLoader:240 - Cannot read IP mode file for STMicroelectronics.FP-SNS-MOTENV1.5.0.0
2025-10-11 18:03:56,810 [WARN] PackLoader:240 - Cannot read IP mode file for STMicroelectronics.X-CUBE-BLE2.3.3.0
2025-10-11 18:03:56,822 [WARN] PackLoader:240 - Cannot read IP mode file for STMicroelectronics.X-CUBE-NFC9.1.0.0
2025-10-11 18:03:56,834 [WARN] PackLoader:240 - Cannot read IP mode file for wolfSSL.I-CUBE-wolfSSL.5.8.2
2025-10-11 18:03:56,843 [WARN] PackLoader:240 - Cannot read IP mode file for STMicroelectronics.X-CUBE-BLE1.7.1.0
2025-10-11 18:03:56,852 [WARN] PackLoader:240 - Cannot read IP mode file for wolfSSL.I-CUBE-wolfMQTT.1.19.2
2025-10-11 18:03:56,864 [WARN] PackLoader:240 - Cannot read IP mode file for STMicroelectronics.X-CUBE-EEPRMA1.5.2.0
2025-10-11 18:03:56,896 [WARN] PackLoader:240 - Cannot read IP mode file for STMicroelectronics.X-CUBE-AZRTOS-G0.1.1.0
2025-10-11 18:03:56,914 [WARN] PackLoader:240 - Cannot read IP mode file for STMicroelectronics.X-CUBE-SAFEA1.1.2.2
2025-10-11 18:03:56,927 [WARN] PackLoader:240 - Cannot read IP mode file for STMicroelectronics.X-CUBE-NFC4.3.0.0
2025-10-11 18:03:56,949 [WARN] PackLoader:240 - Cannot read IP mode file for EmbeddedOffice.I-CUBE-FS-RTOS.1.0.1
2025-10-11 18:03:56,962 [WARN] PackLoader:240 - Cannot read IP mode file for STMicroelectronics.X-CUBE-WB05N.2.0.0
2025-10-11 18:03:56,973 [WARN] PackLoader:240 - Cannot read IP mode file for wolfSSL.I-CUBE-wolfTPM.3.8.0
2025-10-11 18:03:56,985 [WARN] PackLoader:240 - Cannot read IP mode file for STMicroelectronics.X-CUBE-TCPP.4.2.0
2025-10-11 18:03:56,999 [WARN] PackLoader:240 - Cannot read IP mode file for RealThread.X-CUBE-RT-Thread_Nano.4.1.1
2025-10-11 18:03:57,008 [WARN] PackLoader:240 - Cannot read IP mode file for STMicroelectronics.FP-ATR-SIGFOX1.3.2.0
2025-10-11 18:03:57,023 [WARN] PackLoader:240 - Cannot read IP mode file for ITTIA_DB.I-CUBE-ITTIADB.8.9.0
2025-10-11 18:03:57,043 [WARN] PackLoader:240 - Cannot read IP mode file for STMicroelectronics.X-CUBE-ST67W61.1.0.0
2025-10-11 18:03:57,053 [WARN] PackLoader:240 - Cannot read IP mode file for STMicroelectronics.X-CUBE-AI.10.2.0
2025-10-11 18:03:57,125 [WARN] PackLoader:240 - Cannot read IP mode file for SEGGER.I-CUBE-embOS.1.3.1
2025-10-11 18:03:57,215 [WARN] PackLoader:240 - Cannot read IP mode file for STMicroelectronics.X-CUBE-ALGOBUILD.1.4.0
2025-10-11 18:03:57,304 [WARN] PackLoader:240 - Cannot read IP mode file for STMicroelectronics.X-CUBE-MEMS1.11.3.0
2025-10-11 18:03:57,623 [WARN] PackLoader:240 - Cannot read IP mode file for STMicroelectronics.X-CUBE-PM33A1.1.0.0
2025-10-11 18:03:57,659 [WARN] PackLoader:240 - Cannot read IP mode file for STMicroelectronics.X-CUBE-AZRTOS-F4.1.1.0
2025-10-11 18:03:57,676 [WARN] PackLoader:240 - Cannot read IP mode file for STMicroelectronics.X-CUBE-ISPU.2.1.0
2025-10-11 18:03:57,692 [WARN] PackLoader:240 - Cannot read IP mode file for STMicroelectronics.X-CUBE-NFC12.1.0.0
2025-10-11 18:03:57,774 [WARN] PackLoader:240 - Cannot read IP mode file for STMicroelectronics.X-CUBE-AZRTOS-L5.2.0.0
2025-10-11 18:03:57,800 [WARN] PackLoader:240 - Cannot read IP mode file for STMicroelectronics.X-CUBE-NFC6.3.1.0
2025-10-11 18:03:57,818 [WARN] PackLoader:240 - Cannot read IP mode file for STMicroelectronics.X-CUBE-FREERTOS.1.3.1
2025-10-11 18:03:57,834 [WARN] PackLoader:240 - Cannot read IP mode file for STMicroelectronics.X-CUBE-TOUCHGFX.4.26.0
2025-10-11 18:03:57,844 [WARN] PackLoader:240 - Cannot read IP mode file for STMicroelectronics.FP-SNS-STAIOTCFT.1.0.0
2025-10-11 18:03:57,857 [WARN] PackLoader:240 - Cannot read IP mode file for STMicroelectronics.X-CUBE-DPower.1.3.0
2025-10-11 18:03:57,886 [WARN] ConditionMgr:438 - getConditionDescription Invalid condition id : LAN8742 Phy interface Condition cause : null
2025-10-11 18:03:57,887 [WARN] PackLoader:240 - Cannot read IP mode file for STMicroelectronics.X-CUBE-AZRTOS-L4.2.0.0
2025-10-11 18:03:57,890 [WARN] ConditionMgr:1044 - genDependencies : Invalid condition id : LAN8742 Phy interface Condition cause : null
2025-10-11 18:03:57,891 [WARN] ConditionMgr:1044 - genDependencies : Invalid condition id : LAN8742 Phy interface Condition cause : null
2025-10-11 18:03:57,892 [WARN] ConditionMgr:1044 - genDependencies : Invalid condition id : LAN8742 Phy interface Condition cause : null
2025-10-11 18:03:57,906 [WARN] PackLoader:240 - Cannot read IP mode file for STMicroelectronics.X-CUBE-SFXS2LP1.4.0.0
2025-10-11 18:03:57,926 [WARN] PackLoader:240 - Cannot read IP mode file for STMicroelectronics.X-CUBE-BLEMGR.4.1.0
2025-10-11 18:03:57,956 [WARN] ConditionMgr:438 - getConditionDescription Invalid condition id : UX DEVICE CLASS RTOS Condition cause : null
2025-10-11 18:03:57,957 [WARN] ConditionMgr:438 - getConditionDescription Invalid condition id : UX DEVICE CLASS RTOS Condition cause : null
2025-10-11 18:03:57,961 [WARN] PackLoader:240 - Cannot read IP mode file for STMicroelectronics.X-CUBE-AZRTOS-WB.2.0.0
2025-10-11 18:03:57,962 [WARN] ConditionMgr:1044 - genDependencies : Invalid condition id : UX DEVICE CLASS RTOS Condition cause : null
2025-10-11 18:03:57,962 [WARN] ConditionMgr:1044 - genDependencies : Invalid condition id : UX DEVICE CLASS RTOS Condition cause : null
2025-10-11 18:03:57,963 [WARN] ConditionMgr:1044 - genDependencies : Invalid condition id : UX DEVICE CLASS RTOS Condition cause : null
2025-10-11 18:03:57,963 [WARN] ConditionMgr:1044 - genDependencies : Invalid condition id : UX DEVICE CLASS RTOS Condition cause : null
2025-10-11 18:03:57,963 [WARN] ConditionMgr:1044 - genDependencies : Invalid condition id : UX DEVICE CLASS RTOS Condition cause : null
2025-10-11 18:03:57,977 [WARN] PackLoader:240 - Cannot read IP mode file for STMicroelectronics.X-CUBE-GNSS1.7.0.1
2025-10-11 18:03:57,989 [WARN] ConditionMgr:438 - getConditionDescription Invalid condition id : Cortex-A Device cause : null
2025-10-11 18:03:58,024 [WARN] ConditionMgr:1044 - genDependencies : Invalid condition id : Cortex-A Device cause : null
2025-10-11 18:03:58,025 [WARN] ConditionMgr:1044 - genDependencies : Invalid condition id : Cortex-A Device cause : null
2025-10-11 18:03:58,025 [WARN] ConditionMgr:1044 - genDependencies : Invalid condition id : Cortex-A Device cause : null
2025-10-11 18:03:58,045 [WARN] PackLoader:240 - Cannot read IP mode file for STMicroelectronics.X-CUBE-SUBG2.5.0.0
2025-10-11 18:03:58,089 [WARN] PackLoader:240 - Cannot read IP mode file for STMicroelectronics.X-CUBE-AZRTOS-H7RS.1.1.0
2025-10-11 18:03:58,118 [WARN] PackLoader:240 - Cannot read IP mode file for STMicroelectronics.X-CUBE-AZRTOS-G4.2.0.0
2025-10-11 18:03:58,130 [WARN] PackLoader:240 - Cannot read IP mode file for wolfSSL.I-CUBE-wolfSSH.1.4.20
2025-10-11 18:03:58,155 [WARN] PackLoader:240 - Cannot read IP mode file for STMicroelectronics.X-CUBE-NFC7.2.0.0
2025-10-11 18:03:58,181 [WARN] PackLoader:240 - Cannot read IP mode file for STMicroelectronics.X-CUBE-IPS.3.1.0
2025-10-11 18:03:58,203 [WARN] PackLoader:240 - Cannot read IP mode file for STMicroelectronics.X-CUBE-ALS.1.0.2
2025-10-11 18:03:58,217 [WARN] PackLoader:240 - Cannot read IP mode file for STMicroelectronics.X-CUBE-STSE01.1.0.0
2025-10-11 18:03:58,238 [WARN] PackLoader:240 - Cannot read IP mode file for STMicroelectronics.X-CUBE-TOF1.3.4.3
2025-10-11 18:03:58,260 [INFO] ThirdParty:978 - Integrity check success = true
2025-10-11 18:03:58,260 [INFO] IntegrityCheckThread:100 - exiting critical section [integrity check]
2025-10-11 18:03:58,261 [INFO] IntegrityCheckThread:103 - End integrity checks thread
2025-10-11 18:03:58,979 [INFO] WebApp:169 - Instantiating new browser for Auth
2025-10-11 18:04:00,402 [INFO] WebApp:463 - Apply proxy settings
2025-10-11 18:04:00,402 [INFO] WebApp:548 - Chromium requires no authentication
2025-10-11 18:04:00,418 [INFO] WebApp:491 - Direct internet connection detected
2025-10-11 18:04:00,457 [INFO] WebApp:900 - Register for checkConnection events
2025-10-11 18:04:00,457 [INFO] WebApp:463 - Apply proxy settings
2025-10-11 18:04:00,457 [INFO] WebApp:548 - Chromium requires no authentication
2025-10-11 18:04:00,458 [INFO] WebApp:491 - Direct internet connection detected
2025-10-11 18:04:00,650 [INFO] WebApp:191 - Connection restablished
2025-10-11 18:04:00,818 [INFO] WebApp:225 - Starting web application
2025-10-11 18:04:00,818 [INFO] WebApp:593 - Web application path used C:\ST\STM32CubeIDE_1.19.0\STM32CubeIDE\plugins\com.st.stm32cube.common.mx_6.15.0.202507011659\db\plugins\mcufinder\reactClient1\index.html
2025-10-11 18:04:20,038 [ERROR] LogOutputStream:75 - [STDERR_REDIRECT] 
2025-10-11 18:04:37,400 [INFO] Activator:176 - 


2025-10-11 18:04:37,403 [INFO] Activator:177 - !SESSION log4j initialized
2025-10-11 18:04:41,743 [INFO] LogOutputStream:77 - [STDOUT_REDIRECT] 
2025-10-11 18:05:04,038 [INFO] ApplicationProperties:184 - Using Application install path: C:\ST\STM32CubeIDE_1.19.0\STM32CubeIDE\plugins\com.st.stm32cube.common.mx_6.15.0.202507011659
2025-10-11 18:05:04,071 [INFO] DbMcusXml:78 - Set database path to: C:\ST\STM32CubeIDE_1.19.0\STM32CubeIDE\plugins\com.st.stm32cube.common.mx_6.15.0.202507011659\\db\/mcu/
2025-10-11 18:05:04,072 [INFO] ApiDb:274 - Set plugin database path to: C:\ST\STM32CubeIDE_1.19.0\STM32CubeIDE\plugins\com.st.stm32cube.common.mx_6.15.0.202507011659\\db\/plugins/boardmanager/
2025-10-11 18:05:04,073 [WARN] ApiDb:259 - Overriding images path with different value:  => C:\ST\STM32CubeIDE_1.19.0\STM32CubeIDE\plugins\com.st.stm32cube.common.mx_6.15.0.202507011659\\db\/plugins/mcufinder/images/
2025-10-11 18:05:04,086 [INFO] ApiDb:250 - Set database path to: C:\Users\nazar\.stmcufinder\plugins\mcufinder//mcu/
2025-10-11 18:05:04,089 [INFO] DbMcusAds:125 - Set database path to: C:\Users\nazar\.stmcufinder\plugins\mcufinder//mcu/
2025-10-11 18:05:04,124 [INFO] CrossReferenceDbSqlite:203 - Set database path to: C:\Users\nazar\.stmcufinder\plugins\mcufinder//mcu/cs/
2025-10-11 18:05:04,352 [INFO] RulesReader:64 - Compatibility file has been processed (317 Rules)
2025-10-11 18:05:04,577 [INFO] DbMcusXml:78 - Set database path to: C:\ST\STM32CubeIDE_1.19.0\STM32CubeIDE\plugins\com.st.stm32cube.common.mx_6.15.0.202507011659\\db\/mcu/
2025-10-11 18:05:04,577 [INFO] ApiDb:274 - Set plugin database path to: C:\ST\STM32CubeIDE_1.19.0\STM32CubeIDE\plugins\com.st.stm32cube.common.mx_6.15.0.202507011659\\db\/plugins/boardmanager/
2025-10-11 18:05:04,577 [INFO] ApiDb:261 - Set plugin images path to: C:\ST\STM32CubeIDE_1.19.0\STM32CubeIDE\plugins\com.st.stm32cube.common.mx_6.15.0.202507011659\\db\/plugins/mcufinder/images/
2025-10-11 18:05:04,578 [WARN] DbFile:41 - Overriding database path with different value: C:\Users\nazar\.stmcufinder\plugins\mcufinder/ => C:\Users\nazar\.stmcufinder\plugins\mcufinder
2025-10-11 18:05:04,578 [INFO] ApiDb:250 - Set database path to: C:\Users\nazar\.stmcufinder\plugins\mcufinder//mcu/
2025-10-11 18:05:04,578 [WARN] DbFile:41 - Overriding database path with different value: C:\Users\nazar\.stmcufinder\plugins\mcufinder/ => C:\Users\nazar\.stmcufinder\plugins\mcufinder
2025-10-11 18:05:04,578 [INFO] DbMcusAds:125 - Set database path to: C:\Users\nazar\.stmcufinder\plugins\mcufinder//mcu/
2025-10-11 18:05:04,579 [WARN] DbFile:41 - Overriding database path with different value: C:\Users\nazar\.stmcufinder\plugins\mcufinder/ => C:\Users\nazar\.stmcufinder\plugins\mcufinder
2025-10-11 18:05:04,579 [WARN] DbFile:41 - Overriding database path with different value: C:\Users\nazar\.stmcufinder\plugins\mcufinder/ => C:\Users\nazar\.stmcufinder\plugins\mcufinder
2025-10-11 18:05:04,579 [INFO] CrossReferenceDbSqlite:203 - Set database path to: C:\Users\nazar\.stmcufinder\plugins\mcufinder//mcu/cs/
2025-10-11 18:05:04,719 [INFO] MainPanel:274 - HeapMemory: 268435456
2025-10-11 18:05:04,891 [INFO] DbMcusXml:78 - Set database path to: C:\ST\STM32CubeIDE_1.19.0\STM32CubeIDE\plugins\com.st.stm32cube.common.mx_6.15.0.202507011659\\db\/mcu/
2025-10-11 18:05:04,891 [INFO] ApiDb:274 - Set plugin database path to: C:\ST\STM32CubeIDE_1.19.0\STM32CubeIDE\plugins\com.st.stm32cube.common.mx_6.15.0.202507011659\\db\/plugins/boardmanager/
2025-10-11 18:05:04,891 [INFO] ApiDb:261 - Set plugin images path to: C:\ST\STM32CubeIDE_1.19.0\STM32CubeIDE\plugins\com.st.stm32cube.common.mx_6.15.0.202507011659\\db\/plugins/mcufinder/images/
2025-10-11 18:05:04,892 [WARN] DbFile:41 - Overriding database path with different value: C:\Users\nazar\.stmcufinder\plugins\mcufinder/ => C:\Users\nazar\.stmcufinder\plugins\mcufinder
2025-10-11 18:05:04,892 [INFO] ApiDb:250 - Set database path to: C:\Users\nazar\.stmcufinder\plugins\mcufinder//mcu/
2025-10-11 18:05:04,892 [WARN] DbFile:41 - Overriding database path with different value: C:\Users\nazar\.stmcufinder\plugins\mcufinder/ => C:\Users\nazar\.stmcufinder\plugins\mcufinder
2025-10-11 18:05:04,893 [INFO] DbMcusAds:125 - Set database path to: C:\Users\nazar\.stmcufinder\plugins\mcufinder//mcu/
2025-10-11 18:05:04,893 [WARN] DbFile:41 - Overriding database path with different value: C:\Users\nazar\.stmcufinder\plugins\mcufinder/ => C:\Users\nazar\.stmcufinder\plugins\mcufinder
2025-10-11 18:05:04,893 [WARN] DbFile:41 - Overriding database path with different value: C:\Users\nazar\.stmcufinder\plugins\mcufinder/ => C:\Users\nazar\.stmcufinder\plugins\mcufinder
2025-10-11 18:05:04,893 [INFO] CrossReferenceDbSqlite:203 - Set database path to: C:\Users\nazar\.stmcufinder\plugins\mcufinder//mcu/cs/
2025-10-11 18:05:04,926 [INFO] ApplicationProperties:184 - Using Application install path: C:\ST\STM32CubeIDE_1.19.0\STM32CubeIDE\plugins\com.st.stm32cube.common.mx_6.15.0.202507011659
2025-10-11 18:05:04,929 [INFO] PluginManage:196 - Search for loadable plugins [exclusion list=, ]
2025-10-11 18:05:04,931 [INFO] PluginManage:310 - Check plugin analytics
2025-10-11 18:05:05,355 [INFO] AnalyticsPlugin:253 - Accepted Software Licenses: 
2025-10-11 18:05:05,356 [INFO] AnalyticsPlugin:255 - Accepted CMSIS Pack Licenses: 
2025-10-11 18:05:05,356 [INFO] AnalyticsPlugin:257 - Accepted Firmware Licenses: FW.F4.1.28.0
2025-10-11 18:05:05,369 [INFO] PluginManage:359 - Loaded plugin analytics (category:tool,tabindex:-1)
2025-10-11 18:05:05,369 [INFO] PluginManage:310 - Check plugin cadmodel
2025-10-11 18:05:05,387 [INFO] CADModel:105 - Init CAD model plugin
2025-10-11 18:05:05,387 [INFO] PluginManage:359 - Loaded plugin cadmodel (category:power,tabindex:5)
2025-10-11 18:05:05,389 [INFO] PluginManage:310 - Check plugin clock
2025-10-11 18:05:05,419 [INFO] PluginManage:359 - Loaded plugin clock (category:base,tabindex:2)
2025-10-11 18:05:05,419 [INFO] PluginManage:310 - Check plugin ddr
2025-10-11 18:05:05,436 [INFO] PluginManage:359 - Loaded plugin ddr (category:tool,tabindex:6)
2025-10-11 18:05:05,437 [INFO] PluginManage:310 - Check plugin filemanager
2025-10-11 18:05:05,759 [INFO] PluginManage:359 - Loaded plugin filemanager (category:base,tabindex:10)
2025-10-11 18:05:05,759 [INFO] PluginManage:310 - Check plugin ipmanager
2025-10-11 18:05:05,773 [INFO] PluginManage:359 - Loaded plugin ipmanager (category:base,tabindex:5)
2025-10-11 18:05:05,773 [INFO] PluginManage:310 - Check plugin lpbam
2025-10-11 18:05:05,797 [INFO] PluginManage:359 - Loaded plugin lpbam (category:base,tabindex:0)
2025-10-11 18:05:05,799 [INFO] PluginManage:310 - Check plugin memorymap
2025-10-11 18:05:05,819 [INFO] PluginManage:359 - Loaded plugin memorymap (category:base,tabindex:4)
2025-10-11 18:05:05,819 [INFO] PluginManage:310 - Check plugin pinoutandconfiguration
2025-10-11 18:05:05,838 [INFO] PluginManage:359 - Loaded plugin pinoutandconfiguration (category:base,tabindex:1)
2025-10-11 18:05:05,838 [INFO] PluginManage:310 - Check plugin pinoutconfig
2025-10-11 18:05:06,044 [WARN] SupportedApi:132 - Cannot load RTOS API schema: s4s-elt-must-match.1: The content of 'definitions' must match (annotation?, (simpleType | complexType)?, (unique | key | keyref)*)). A problem was found starting at: attribute.
2025-10-11 18:05:06,290 [INFO] PluginManage:359 - Loaded plugin pinoutconfig (category:base,tabindex:0)
2025-10-11 18:05:06,290 [INFO] PluginManage:310 - Check plugin power
2025-10-11 18:05:06,320 [INFO] PluginManage:359 - Loaded plugin power (category:power,tabindex:4)
2025-10-11 18:05:06,320 [INFO] PluginManage:310 - Check plugin projectmanager
2025-10-11 18:05:06,359 [INFO] PluginManage:359 - Loaded plugin projectmanager (category:projectmanager,tabindex:4)
2025-10-11 18:05:06,359 [INFO] PluginManage:310 - Check plugin rif
2025-10-11 18:05:06,374 [INFO] PluginManage:359 - Loaded plugin rif (category:base,tabindex:3)
2025-10-11 18:05:06,375 [INFO] PluginManage:310 - Check plugin thirdparty
2025-10-11 18:05:06,672 [INFO] PluginManage:359 - Loaded plugin thirdparty (category:base,tabindex:-1)
2025-10-11 18:05:06,673 [INFO] PluginManage:310 - Check plugin tools
2025-10-11 18:05:06,673 [WARN] IntegrityCheckThread:84 - waiting for thirdparty lock release [integrity check]
2025-10-11 18:05:06,674 [INFO] IntegrityCheckThread:86 - entering critical section [integrity check]
2025-10-11 18:05:06,676 [INFO] ThirdPartyUpdaterWithRetryManager:70 - Updater plugin not ready yet. [1/15]
2025-10-11 18:05:06,682 [INFO] PluginManage:359 - Loaded plugin tools (category:base,tabindex:7)
2025-10-11 18:05:06,682 [INFO] PluginManage:310 - Check plugin tutovideos
2025-10-11 18:05:07,073 [INFO] PluginManage:359 - Loaded plugin tutovideos (category:base,tabindex:-1)
2025-10-11 18:05:07,074 [INFO] PluginManage:310 - Check plugin updater
2025-10-11 18:05:07,117 [INFO] PluginManage:359 - Loaded plugin updater (category:base,tabindex:12)
2025-10-11 18:05:07,118 [INFO] PluginManage:310 - Check plugin userauth
2025-10-11 18:05:07,123 [INFO] UserAuth:118 - Init User Auth plugin
2025-10-11 18:05:07,124 [INFO] PluginManage:359 - Loaded plugin userauth (category:base,tabindex:14)
2025-10-11 18:05:07,125 [INFO] PluginManage:283 - PluginManage : Loaded plugins [18]
2025-10-11 18:05:07,560 [INFO] PinOutPanel:1589 - setPackage(No Configuration,No Configuration)
2025-10-11 18:05:07,817 [INFO] CADModel:165 - CPN selected for project level
2025-10-11 18:05:07,817 [INFO] CADModel:114 - Register for checkConnection events
2025-10-11 18:05:07,847 [INFO] IPUIPlugin:80 - create IPUIPlugin
2025-10-11 18:05:07,847 [INFO] PluginManager:220 - loadIPPluginJar : add adc
2025-10-11 18:05:07,853 [INFO] IPUIPlugin:80 - create IPUIPlugin
2025-10-11 18:05:07,853 [INFO] PluginManager:220 - loadIPPluginJar : add aes
2025-10-11 18:05:07,859 [INFO] IPUIPlugin:80 - create IPUIPlugin
2025-10-11 18:05:07,859 [INFO] PluginManager:220 - loadIPPluginJar : add can
2025-10-11 18:05:07,863 [INFO] IPUIPlugin:80 - create IPUIPlugin
2025-10-11 18:05:07,863 [INFO] PluginManager:220 - loadIPPluginJar : add comp
2025-10-11 18:05:07,868 [INFO] IPUIPlugin:80 - create IPUIPlugin
2025-10-11 18:05:07,868 [INFO] PluginManager:220 - loadIPPluginJar : add cryp
2025-10-11 18:05:07,873 [INFO] IPUIPlugin:80 - create IPUIPlugin
2025-10-11 18:05:07,873 [INFO] PluginManager:220 - loadIPPluginJar : add ddr_ctrl_phy
2025-10-11 18:05:07,878 [INFO] IPUIPlugin:80 - create IPUIPlugin
2025-10-11 18:05:07,878 [INFO] PluginManager:220 - loadIPPluginJar : add dfsdm
2025-10-11 18:05:07,888 [INFO] IPUIPlugin:80 - create IPUIPlugin
2025-10-11 18:05:07,889 [INFO] PluginManager:220 - loadIPPluginJar : add dma
2025-10-11 18:05:07,894 [INFO] IPUIPlugin:80 - create IPUIPlugin
2025-10-11 18:05:07,894 [INFO] PluginManager:220 - loadIPPluginJar : add dma3
2025-10-11 18:05:07,902 [INFO] IPUIPlugin:80 - create IPUIPlugin
2025-10-11 18:05:07,902 [INFO] PluginManager:220 - loadIPPluginJar : add extmemmanager
2025-10-11 18:05:07,906 [INFO] IPUIPlugin:80 - create IPUIPlugin
2025-10-11 18:05:07,906 [INFO] PluginManager:220 - loadIPPluginJar : add fatfs
2025-10-11 18:05:07,915 [INFO] IPUIPlugin:80 - create IPUIPlugin
2025-10-11 18:05:07,915 [INFO] PluginManager:220 - loadIPPluginJar : add fmc
2025-10-11 18:05:07,924 [INFO] IPUIPlugin:80 - create IPUIPlugin
2025-10-11 18:05:07,924 [INFO] PluginManager:220 - loadIPPluginJar : add freertos
2025-10-11 18:05:07,927 [INFO] IPUIPlugin:80 - create IPUIPlugin
2025-10-11 18:05:07,927 [INFO] PluginManager:220 - loadIPPluginJar : add genericplugin
2025-10-11 18:05:07,931 [INFO] IPUIPlugin:80 - create IPUIPlugin
2025-10-11 18:05:07,931 [INFO] PluginManager:220 - loadIPPluginJar : add gfxmmu
2025-10-11 18:05:07,940 [INFO] IPUIPlugin:80 - create IPUIPlugin
2025-10-11 18:05:07,941 [INFO] PluginManager:220 - loadIPPluginJar : add gic
2025-10-11 18:05:07,947 [INFO] IPUIPlugin:80 - create IPUIPlugin
2025-10-11 18:05:07,947 [INFO] PluginManager:220 - loadIPPluginJar : add gpio
2025-10-11 18:05:07,953 [INFO] IPUIPlugin:80 - create IPUIPlugin
2025-10-11 18:05:07,954 [INFO] PluginManager:220 - loadIPPluginJar : add gtzc
2025-10-11 18:05:07,958 [INFO] IPUIPlugin:80 - create IPUIPlugin
2025-10-11 18:05:07,958 [INFO] PluginManager:220 - loadIPPluginJar : add hash
2025-10-11 18:05:07,964 [INFO] IPUIPlugin:80 - create IPUIPlugin
2025-10-11 18:05:07,964 [INFO] PluginManager:220 - loadIPPluginJar : add i2c
2025-10-11 18:05:07,969 [INFO] IPUIPlugin:80 - create IPUIPlugin
2025-10-11 18:05:07,970 [INFO] PluginManager:220 - loadIPPluginJar : add i2s
2025-10-11 18:05:07,975 [INFO] IPUIPlugin:80 - create IPUIPlugin
2025-10-11 18:05:07,975 [INFO] PluginManager:220 - loadIPPluginJar : add i3c
2025-10-11 18:05:07,984 [INFO] IPUIPlugin:80 - create IPUIPlugin
2025-10-11 18:05:07,984 [INFO] PluginManager:220 - loadIPPluginJar : add ipddr
2025-10-11 18:05:07,994 [INFO] IPUIPlugin:80 - create IPUIPlugin
2025-10-11 18:05:07,995 [INFO] PluginManager:220 - loadIPPluginJar : add linkedlist
2025-10-11 18:05:08,004 [INFO] IPUIPlugin:80 - create IPUIPlugin
2025-10-11 18:05:08,004 [INFO] PluginManager:220 - loadIPPluginJar : add lorawan
2025-10-11 18:05:08,006 [INFO] IPUIPlugin:80 - create IPUIPlugin
2025-10-11 18:05:08,007 [INFO] PluginManager:220 - loadIPPluginJar : add ltdc
2025-10-11 18:05:08,016 [INFO] IPUIPlugin:80 - create IPUIPlugin
2025-10-11 18:05:08,016 [INFO] PluginManager:220 - loadIPPluginJar : add mdma
2025-10-11 18:05:08,023 [INFO] IPUIPlugin:80 - create IPUIPlugin
2025-10-11 18:05:08,024 [INFO] PluginManager:220 - loadIPPluginJar : add nvic
2025-10-11 18:05:08,030 [INFO] IPUIPlugin:80 - create IPUIPlugin
2025-10-11 18:05:08,030 [INFO] PluginManager:220 - loadIPPluginJar : add opamp
2025-10-11 18:05:08,037 [INFO] IPUIPlugin:80 - create IPUIPlugin
2025-10-11 18:05:08,037 [INFO] PluginManager:220 - loadIPPluginJar : add openamp
2025-10-11 18:05:08,043 [INFO] IPUIPlugin:80 - create IPUIPlugin
2025-10-11 18:05:08,043 [INFO] PluginManager:220 - loadIPPluginJar : add pdm2pcm
2025-10-11 18:05:08,053 [INFO] IPUIPlugin:80 - create IPUIPlugin
2025-10-11 18:05:08,057 [INFO] PluginManager:220 - loadIPPluginJar : add plateformsettings
2025-10-11 18:05:08,059 [INFO] IPUIPlugin:80 - create IPUIPlugin
2025-10-11 18:05:08,059 [INFO] PluginManager:220 - loadIPPluginJar : add quadspi
2025-10-11 18:05:08,062 [INFO] IPUIPlugin:80 - create IPUIPlugin
2025-10-11 18:05:08,064 [INFO] PluginManager:220 - loadIPPluginJar : add radio
2025-10-11 18:05:08,071 [INFO] IPUIPlugin:80 - create IPUIPlugin
2025-10-11 18:05:08,071 [INFO] PluginManager:220 - loadIPPluginJar : add resmgrutility
2025-10-11 18:05:08,077 [INFO] IPUIPlugin:80 - create IPUIPlugin
2025-10-11 18:05:08,077 [INFO] PluginManager:220 - loadIPPluginJar : add sai
2025-10-11 18:05:08,081 [INFO] IPUIPlugin:80 - create IPUIPlugin
2025-10-11 18:05:08,082 [INFO] PluginManager:220 - loadIPPluginJar : add spi
2025-10-11 18:05:08,092 [INFO] IPUIPlugin:80 - create IPUIPlugin
2025-10-11 18:05:08,092 [INFO] PluginManager:220 - loadIPPluginJar : add stm32_wpan
2025-10-11 18:05:08,096 [INFO] IPUIPlugin:80 - create IPUIPlugin
2025-10-11 18:05:08,096 [INFO] PluginManager:220 - loadIPPluginJar : add tim
2025-10-11 18:05:08,102 [INFO] IPUIPlugin:80 - create IPUIPlugin
2025-10-11 18:05:08,103 [INFO] PluginManager:220 - loadIPPluginJar : add touchsensing
2025-10-11 18:05:08,106 [INFO] IPUIPlugin:80 - create IPUIPlugin
2025-10-11 18:05:08,107 [INFO] PluginManager:220 - loadIPPluginJar : add tracer_emb
2025-10-11 18:05:08,111 [INFO] IPUIPlugin:80 - create IPUIPlugin
2025-10-11 18:05:08,111 [INFO] PluginManager:220 - loadIPPluginJar : add ts
2025-10-11 18:05:08,114 [INFO] IPUIPlugin:80 - create IPUIPlugin
2025-10-11 18:05:08,115 [INFO] PluginManager:220 - loadIPPluginJar : add tsc
2025-10-11 18:05:08,119 [INFO] IPUIPlugin:80 - create IPUIPlugin
2025-10-11 18:05:08,119 [INFO] PluginManager:220 - loadIPPluginJar : add ucpd
2025-10-11 18:05:08,124 [INFO] IPUIPlugin:80 - create IPUIPlugin
2025-10-11 18:05:08,124 [INFO] PluginManager:220 - loadIPPluginJar : add usart
2025-10-11 18:05:08,131 [INFO] IPUIPlugin:80 - create IPUIPlugin
2025-10-11 18:05:08,132 [INFO] PluginManager:220 - loadIPPluginJar : add usbx
2025-10-11 18:05:08,324 [FATAL] Updater:351 - Updater called before beeing initialized
2025-10-11 18:05:08,383 [INFO] RulesReader:64 - Compatibility file has been processed (317 Rules)
2025-10-11 18:05:08,413 [INFO] RulesReader:64 - Compatibility file has been processed (317 Rules)
2025-10-11 18:05:08,443 [INFO] CADModel:165 - CPN selected for project level
2025-10-11 18:05:08,443 [INFO] CADModel:114 - Register for checkConnection events
2025-10-11 18:05:08,444 [FATAL] Updater:351 - Updater called before beeing initialized
2025-10-11 18:05:08,444 [ERROR] CADModel:125 - Updater not yet initialized, retry later 
2025-10-11 18:05:08,812 [FATAL] Updater:351 - Updater called before beeing initialized
2025-10-11 18:05:08,815 [INFO] CADModel:165 - CPN selected for project level
2025-10-11 18:05:08,816 [INFO] CADModel:114 - Register for checkConnection events
2025-10-11 18:05:08,816 [FATAL] Updater:351 - Updater called before beeing initialized
2025-10-11 18:05:08,816 [ERROR] CADModel:125 - Updater not yet initialized, retry later 
2025-10-11 18:05:08,822 [FATAL] Updater:351 - Updater called before beeing initialized
2025-10-11 18:05:09,066 [FATAL] Updater:351 - Updater called before beeing initialized
2025-10-11 18:05:09,072 [INFO] DbMcusAds:53 - JSON generation date=Thu Oct 02 11:36:05 CEST 2025 (1759397765045)
2025-10-11 18:05:09,074 [FATAL] Updater:351 - Updater called before beeing initialized
2025-10-11 18:05:09,144 [WARN] DetailPanel:346 - Failed to get advertising image, set to default
2025-10-11 18:05:09,744 [INFO] ThirdPartyUpdaterWithRetryManager:70 - Updater plugin not ready yet. [2/15]
2025-10-11 18:05:10,682 [FATAL] Updater:351 - Updater called before beeing initialized
2025-10-11 18:05:10,682 [FATAL] Updater:351 - Updater called before beeing initialized
2025-10-11 18:05:10,682 [FATAL] Updater:351 - Updater called before beeing initialized
2025-10-11 18:05:10,682 [WARN] DetailPanel:346 - Failed to get advertising image, set to default
2025-10-11 18:05:10,682 [FATAL] Updater:351 - Updater called before beeing initialized
2025-10-11 18:05:10,797 [ERROR] Updater:1198 - MainUpdater not yet initialized. External WinMGr cannot be set.
2025-10-11 18:05:10,797 [INFO] Updater:1134 - Updater Version found : 6.15.0
2025-10-11 18:05:10,836 [INFO] ApplicationProperties:184 - Using Application install path: C:\ST\STM32CubeIDE_1.19.0\STM32CubeIDE\plugins\com.st.stm32cube.common.mx_6.15.0.202507011659
2025-10-11 18:05:12,440 [ERROR] LogOutputStream:75 - [STDERR_REDIRECT] Oct 11, 2025 6:05:12 PM java.util.prefs.WindowsPreferences <init>
2025-10-11 18:05:12,446 [ERROR] LogOutputStream:75 - [STDERR_REDIRECT] WARNING: Could not open/create prefs root node Software\JavaSoft\Prefs at root 0xffffffff80000002. Windows RegCreateKeyEx(...) returned error code 5.
2025-10-11 18:05:12,446 [ERROR] LogOutputStream:75 - [STDERR_REDIRECT] 
2025-10-11 18:05:12,745 [FATAL] Updater:351 - Updater called before beeing initialized
2025-10-11 18:05:12,745 [ERROR] IntegrityCheckThread:130 - Cannot retrieve database content from updater: error 21
2025-10-11 18:05:12,745 [INFO] ThirdParty:978 - Integrity check success = false
2025-10-11 18:05:12,745 [INFO] IntegrityCheckThread:100 - exiting critical section [integrity check]
2025-10-11 18:05:12,745 [INFO] IntegrityCheckThread:103 - End integrity checks thread
2025-10-11 18:05:13,223 [INFO] MainUpdater:2872 - connection check result : 10
2025-10-11 18:05:13,223 [INFO] MainUpdater:289 - Updater Check For Update Now.
2025-10-11 18:05:13,223 [INFO] MicroXplorer:498 - Change Database Version : DB.6.0.150
2025-10-11 18:05:13,239 [INFO] McuFinderGlobals:63 - Set McuFinder mode to 2 (CubeIDE integrated)
2025-10-11 18:05:13,242 [INFO] UserAuth:171 - activating auth plugin
2025-10-11 18:05:13,245 [INFO] UserAuth:487 - Internet connection configuration mode: 1
2025-10-11 18:05:13,295 [INFO] JxBrowserEngine:152 - Initiate JxBrowser Engine with user profile folder
2025-10-11 18:05:13,535 [INFO] CheckServerUpdateThread:120 - End of CheckServer Thread
2025-10-11 18:05:14,774 [INFO] WebApp:169 - Instantiating new browser for Auth
2025-10-11 18:05:15,956 [INFO] WebApp:463 - Apply proxy settings
2025-10-11 18:05:15,958 [INFO] WebApp:548 - Chromium requires no authentication
2025-10-11 18:05:15,970 [INFO] WebApp:491 - Direct internet connection detected
2025-10-11 18:05:16,007 [INFO] WebApp:900 - Register for checkConnection events
2025-10-11 18:05:16,008 [INFO] WebApp:463 - Apply proxy settings
2025-10-11 18:05:16,008 [INFO] WebApp:548 - Chromium requires no authentication
2025-10-11 18:05:16,008 [INFO] WebApp:491 - Direct internet connection detected
2025-10-11 18:05:16,213 [INFO] WebApp:191 - Connection restablished
2025-10-11 18:05:16,340 [INFO] WebApp:225 - Starting web application
2025-10-11 18:05:16,340 [INFO] WebApp:593 - Web application path used C:\ST\STM32CubeIDE_1.19.0\STM32CubeIDE\plugins\com.st.stm32cube.common.mx_6.15.0.202507011659\db\plugins\mcufinder\reactClient1\index.html
